Below is a list of files we were unable to include in this backup. These files
are not missing, but were not available in our file-store cloud at the time the
tarball was made or are not backed up because they can be generated. In almost
all cases these will be resolved the next time you generate a backup or export.

/styles/board_of_directors_committee_experts/public/2021-10/Headshot Desktop_16.png: Generated files are not backed up
/styles/thumbnail/public/2021-10/Icon Who Are We.png: Generated files are not backed up
/styles/thumbnail/public/2021-10/Philip.png: Generated files are not backed up
/js/js_qhxdbAgKKSNgjKsVqgbArDlNJXXcJYAu6A2lqQwbt-w.js.gz: Generated files are not backed up
/css/css_Z5jMg7P_bjcW9iUzujI7oaechMyxQTUqZhHJ_aYSq04.css: Generated files are not backed up
/css/css_4PjFgtyTlpAwBbFKJOwMtXN8hl7NTAw0LdvYbJ-NdBo.css.gz: Generated files are not backed up
/styles/board_of_directors_committee_experts/public/core/modules/image/sample.png: Generated files are not backed up
/css/css_cvzkF4yE44UFnD7X1FKvNfSNTfnrhFPZUS4o3GVEPFI.css.gz: Generated files are not backed up
/js/js_pOYZuTHxtTRW8Axb4-MbeXPwBh_nZQD8Nw6ZgRQR6nI.js.gz: Generated files are not backed up
/styles/leader_image/public/2021-10/Carla.png: Generated files are not backed up
/styles/thumbnail/public/2021-10/Headshot Desktop_0.png: Generated files are not backed up
/styles/thumbnail/public/2021-10/Headshot Desktop_18.png: Generated files are not backed up
/css/css_Z5jMg7P_bjcW9iUzujI7oaechMyxQTUqZhHJ_aYSq04.css.gz: Generated files are not backed up
/css/css_Qg_kpMTKWiurLpV3995DI7UfY_BpBbILq-Mq2CkRc7I.css.gz: Generated files are not backed up
/styles/image_content_middle/public/2021-10/new image.png: Generated files are not backed up
/styles/board_of_directors_committee_experts/public/2021-10/Headshot Desktop_13.png: Generated files are not backed up
/css/css_fEDyTuTc4dU5MBAYXwoRg5CWD2THCpaF3v5lQ0pq7i0.css: Generated files are not backed up
/css/css_g0wVXJVJ2KaiTtJ_KzNczwt4ilorsEE6iF0J7gq-j_M.css.gz: Generated files are not backed up
/css/css_TRHptt7ht6Z263WheK0H9cZlYZ_9VLKptcQOyHFDS5I.css: Generated files are not backed up
/css/css_Pu11MeWtJ1-h3i02kU0xNbmmzKP0hbTh8shocv4uaOQ.css: Generated files are not backed up
/styles/thumbnail/public/2021-10/laughing-team-of-designers-brainstorming-together--S9S3JAL.png: Generated files are not backed up
/styles/thumbnail/public/2021-10/Headshot Desktop_15.png: Generated files are not backed up
/styles/leader_image/public/2021-10/Sample 2.png: Generated files are not backed up
/css/css_6ZKsRQgXQv0GdFrFhdy2R1wB2hj7quLpzZ6t307DdSo.css: Generated files are not backed up
/styles/board_of_directors_committee_experts/public/2021-10/Headshot Desktop_7.png: Generated files are not backed up
/styles/thumbnail/public/2021-10/Headshot Desktop_1.png: Generated files are not backed up
/styles/thumbnail/public/2021-10/Headshot Desktop_2.png: Generated files are not backed up
/styles/project_theme/public/2021-10/smiling-male-designer-working-in-creative-office-L2L7JJY.png: Generated files are not backed up
/styles/related_theme/public/2021-10/Screenshot_6.png: Generated files are not backed up
/styles/thumbnail/public/2021-10/TBD.png: Generated files are not backed up
/styles/icon_strategic_plan/public/2021-10/Icon Who Are We_3.png: Generated files are not backed up
/styles/project_theme/public/2021-10/OK_WWD1.png: Generated files are not backed up
/styles/thumbnail/public/2021-10/Group 3377_3.png: Generated files are not backed up
/css/css_YvoL-dwWOrdSr2Lml9b5bxtD_RvxUkAaXlqUxP2AOYM.css.gz: Generated files are not backed up
/styles/thumbnail/public/2021-10/SoniaP_0.png: Generated files are not backed up
/css/css_X6ULqa5Yorkv8TIdl32Vtknx7vhZT77l5CbEGlZCKvw.css: Generated files are not backed up
/styles/thumbnail/public/2021-10/Group 3377_5.png: Generated files are not backed up
/styles/board_of_directors_committee_experts/public/2021-10/Headshot Desktop_3.png: Generated files are not backed up
/styles/thumbnail/public/2021-10/Headshot Desktop_5.png: Generated files are not backed up
/js/js_rs2aSneHzgH58_lK-9PT64qjmzeatXSglKfmv-Edhtk.js: Generated files are not backed up
/styles/board_of_directors_committee_experts/public/2021-10/Headshot Desktop_0.png: Generated files are not backed up
/js/js_ES8JAZRmTMf1MLlptp1UHGFV0AOaHQnQ8zUrOi0S9i8.js: Generated files are not backed up
/js/js_5zJvoiAtS6GznQ-TVaFyelS-l3AEh0YWyOWNWFxf998.js.gz: Generated files are not backed up
/styles/project_theme/public/2021-10/Headshot Desktop_17.png: Generated files are not backed up
/styles/thumbnail/public/default_images/default-corner.png: Generated files are not backed up
/css/css_NKurUOU5qMmwSR9FDPE6opIEfSsfqrHJ4L_85JTBp7c.css: Generated files are not backed up
/css/css_TumHcA5LHI6-5cp_sAT1lYfFWE_z_G4iT1cxWJXiNNo.css.gz: Generated files are not backed up
/styles/thumbnail/public/2021-10/Headshot Desktop_9.png: Generated files are not backed up
/styles/thumbnail/public/2021-10/Headshot Desktop_16.png: Generated files are not backed up
/css/css_hdXzNJ3YKZt_JwQjquD_HDOuwXhYXtpGdQgIlIkuL2k.css.gz: Generated files are not backed up
/styles/thumbnail/public/2021-10/Group 3377.png: Generated files are not backed up
/styles/thumbnail/public/2021-10/Screenshot_6_0.png: Generated files are not backed up
/css/css_BOtBJwukEUvubWCRkAyNL33wPuKRNK_dGk3JvPyBd6w.css.gz: Generated files are not backed up
/styles/featured_project_homepage/public/core/modules/image/sample.png: Generated files are not backed up
/styles/board_of_directors_committee_experts/public/2021-10/Headshot Desktop_2.png: Generated files are not backed up
/styles/thumbnail/public/2021-10/kindness, love, charity, give.png: Generated files are not backed up
/styles/thumbnail/public/2021-10/Nora.png: Generated files are not backed up
/css/css_Qg_kpMTKWiurLpV3995DI7UfY_BpBbILq-Mq2CkRc7I.css: Generated files are not backed up
/css/css_cvzkF4yE44UFnD7X1FKvNfSNTfnrhFPZUS4o3GVEPFI.css: Generated files are not backed up
/css/css_TRHptt7ht6Z263WheK0H9cZlYZ_9VLKptcQOyHFDS5I.css.gz: Generated files are not backed up
/js/js_5zJvoiAtS6GznQ-TVaFyelS-l3AEh0YWyOWNWFxf998.js: Generated files are not backed up
/styles/thumbnail/public/2021-10/Group-3377_2.png: Generated files are not backed up
/styles/board_of_directors_committee_experts/public/2021-10/Headshot Desktop_9.png: Generated files are not backed up
/js/js_tCTlqJfrHB3Zwkuyord_KPtlIgNqodbe5OFoKFkLaPg.js.gz: Generated files are not backed up
/css/css_hdXzNJ3YKZt_JwQjquD_HDOuwXhYXtpGdQgIlIkuL2k.css: Generated files are not backed up
/styles/image_content_middle/public/2021-10/OK_SLT5.png: Generated files are not backed up
/styles/thumbnail/public/2021-10/Group 3306.png: Generated files are not backed up
/js/js_yttNbyHT3bWaNAQGI-PQoF2-_UFs5pFz0kStQS8XLik.js.gz: Generated files are not backed up
/css/css_Uz9QWY9HbOngg53sQMvJYPtggCUiIRIbE1IpomHaQIs.css.gz: Generated files are not backed up
/styles/board_of_directors_committee_experts/public/2021-10/Headshot Desktop_10.png: Generated files are not backed up
/styles/icon_strategic_plan/public/2021-10/Icon Who Are We_1.png: Generated files are not backed up
/styles/thumbnail/public/2021-10/Group 3377_1.png: Generated files are not backed up
/js/js_kMQBDKZtRuYvSSyJzFF2_FE8wptSEvZIpeZ08MwztZM.js: Generated files are not backed up
/css/css_g0wVXJVJ2KaiTtJ_KzNczwt4ilorsEE6iF0J7gq-j_M.css: Generated files are not backed up
/css/css_ae7UPIbd_IVJyK4q6Bo1deBGLSQmYVfqayVz97QzYwU.css.gz: Generated files are not backed up
/css/css_VDiEqAan6R0ei5iitXUbm_SlyhamdvhijER31_W-Aqs.css: Generated files are not backed up
/styles/thumbnail/public/2021-10/Group-3377_0.png: Generated files are not backed up
/js/js_rs2aSneHzgH58_lK-9PT64qjmzeatXSglKfmv-Edhtk.js.gz: Generated files are not backed up
/css/css_6ZKsRQgXQv0GdFrFhdy2R1wB2hj7quLpzZ6t307DdSo.css.gz: Generated files are not backed up
/styles/thumbnail/public/2021-10/Rectangle 2285.png: Generated files are not backed up
/styles/board_of_directors_committee_experts/public/2021-10/Headshot Desktop_11.png: Generated files are not backed up
/styles/thumbnail/public/2021-10/Group 3377_0.png: Generated files are not backed up
/js/js_F89lwC1Wjz4jRDEvRnhOORvqk4gUNlBiTXUhWbM5zsw.js.gz: Generated files are not backed up
/styles/thumbnail/public/2021-10/group_3823.png: Generated files are not backed up
/styles/thumbnail/public/2021-10/Screen Shot 2021-07-21 at 5.02.14 PM_0.png: Generated files are not backed up
/styles/related_theme/public/2021-10/Screenshot_6_0.png: Generated files are not backed up
/js/js_wW3kvG1Xk4FLN5d-GxD3Lf-KiMHc7Dfd_sw_x91K1V8.js: Generated files are not backed up
/styles/board_of_directors_committee_experts/public/2021-10/Headshot Desktop_4.png: Generated files are not backed up
/js/js_pOYZuTHxtTRW8Axb4-MbeXPwBh_nZQD8Nw6ZgRQR6nI.js: Generated files are not backed up
/styles/thumbnail/public/2021-10/Group-3377.png: Generated files are not backed up
/js/js_wW3kvG1Xk4FLN5d-GxD3Lf-KiMHc7Dfd_sw_x91K1V8.js.gz: Generated files are not backed up
/js/js_tCTlqJfrHB3Zwkuyord_KPtlIgNqodbe5OFoKFkLaPg.js: Generated files are not backed up
/styles/thumbnail/public/2021-10/Headshot Desktop_20.png: Generated files are not backed up
/styles/thumbnail/public/2021-10/Group 3377_4.png: Generated files are not backed up
/styles/thumbnail/public/2021-10/Headshot Desktop_17.png: Generated files are not backed up
/styles/thumbnail/public/default_images/default-corner_0.png: Generated files are not backed up
/styles/leader_image/public/2021-10/Philip.png: Generated files are not backed up
/styles/featured_project_homepage/public/2021-10/Headshot Desktop_17.png: Generated files are not backed up
/styles/board_of_directors_committee_experts/public/2021-10/Headshot Desktop_14.png: Generated files are not backed up
/styles/icon_strategic_plan/public/core/modules/image/sample.png: Generated files are not backed up
/css/css_FBVqkZ4kzmdzAwy4cPn5_BfzBsrRL_Qy5P1yMcb_u-M.css: Generated files are not backed up
/styles/icon_strategic_plan/public/2021-10/Icon Who Are We_0.png: Generated files are not backed up
/styles/thumbnail/public/2021-10/new image.png: Generated files are not backed up
/styles/icon_strategic_plan/public/2021-10/Icon Who Are We_2.png: Generated files are not backed up
/styles/thumbnail/public/2021-10/Headshot Desktop.png: Generated files are not backed up
/styles/thumbnail/public/2021-10/arms-and-fists-raised-in-the-air-protest-and-demon-PXQW44Y.png: Generated files are not backed up
/styles/thumbnail/public/2021-10/Carla.png: Generated files are not backed up
/styles/thumbnail/public/2021-10/Icon Who Are We_1.png: Generated files are not backed up
/js/js_D3qso7s0w5eYlRLsJMP4nqqm3_xo8oeR9BSVKekKDNU.js.gz: Generated files are not backed up
/js/js_kMQBDKZtRuYvSSyJzFF2_FE8wptSEvZIpeZ08MwztZM.js.gz: Generated files are not backed up
/styles/thumbnail/public/2021-10/Headshot Desktop_6.png: Generated files are not backed up
/css/css_Uz9QWY9HbOngg53sQMvJYPtggCUiIRIbE1IpomHaQIs.css: Generated files are not backed up
/styles/thumbnail/public/2021-10/OK_WWD1.png: Generated files are not backed up
/styles/thumbnail/public/2021-10/team-of-executives-working-together-in-the-office-WB53F3M.png: Generated files are not backed up
/styles/board_of_directors_committee_experts/public/2021-10/Headshot Desktop_12.png: Generated files are not backed up
/styles/image_our_project/public/core/modules/image/sample.png: Generated files are not backed up
/js/js_LgcJ2uAISYCx9B1e475dAJ5CSTXNi19OnJemDRungjU.js.gz: Generated files are not backed up
/css/css_yPUJWgrwrYdSMfkmpW5Bw5G6epqYedxeCdPN3k41YqY.css.gz: Generated files are not backed up
/styles/thumbnail/public/2021-10/Headshot Desktop_8.png: Generated files are not backed up
/styles/icon_strategic_plan/public/2021-10/Icon Who Are We.png: Generated files are not backed up
/css/css_Zm5VEcSVkLBl7Zt-3Wsvbd12Ab8gkh2EwuNzRf0zXGQ.css.gz: Generated files are not backed up
/styles/thumbnail/public/2021-10/Icon Who Are We_2.png: Generated files are not backed up
/js/js_4_EzGQYe4M2f_XDNmsEOzxdh3e2uJZNkdSKcuIu3ujk.js.gz: Generated files are not backed up
/js/js_7DCH_2H6TmPq0VyKC92E8QZT_Uw6lTAbhBZDUJkYZsA.js: Generated files are not backed up
/styles/thumbnail/public/2021-10/Headshot Desktop_4.png: Generated files are not backed up
/css/css_YvoL-dwWOrdSr2Lml9b5bxtD_RvxUkAaXlqUxP2AOYM.css: Generated files are not backed up
/styles/thumbnail/public/2021-10/Icon Who Are We_3.png: Generated files are not backed up
/css/css_vPANaL29O-PVK8j8SZKpQNTYs4BRqh1Ma7nd7Y4k8uo.css: Generated files are not backed up
/styles/thumbnail/public/2021-10/Group 3305.png: Generated files are not backed up
/css/css_FBVqkZ4kzmdzAwy4cPn5_BfzBsrRL_Qy5P1yMcb_u-M.css.gz: Generated files are not backed up
/js/js_LgcJ2uAISYCx9B1e475dAJ5CSTXNi19OnJemDRungjU.js: Generated files are not backed up
/styles/image_content_middle/public/core/modules/image/sample.png: Generated files are not backed up
/styles/thumbnail/public/2021-10/Group 3377_2.png: Generated files are not backed up
/js/js_3XmRbNxvMdeMTGpZa5vo85sh-n5jetGC9y5Fw4UG5IU.js.gz: Generated files are not backed up
/styles/project_theme/public/core/modules/image/sample.png: Generated files are not backed up
/styles/leader_image/public/2021-10/Rectangle 2285.png: Generated files are not backed up
/styles/thumbnail/public/2021-10/Headshot Desktop_11.png: Generated files are not backed up
/styles/thumbnail/public/2021-10/Headshot Desktop_12.png: Generated files are not backed up
/styles/board_of_directors_committee_experts/public/2021-10/Headshot Desktop_8.png: Generated files are not backed up
/styles/board_of_directors_committee_experts/public/2021-10/Headshot Desktop_6.png: Generated files are not backed up
/styles/thumbnail/public/2021-10/Group 3377_0_0.png: Generated files are not backed up
/styles/thumbnail/public/2021-10/Headshot Desktop_19.png: Generated files are not backed up
/styles/thumbnail/public/2021-10/portrait-of-multi-cultural-business-team-standing--GPQACX5.png: Generated files are not backed up
/styles/leader_image/public/2021-10/Nora.png: Generated files are not backed up
/js/js_3XmRbNxvMdeMTGpZa5vo85sh-n5jetGC9y5Fw4UG5IU.js: Generated files are not backed up
/css/css_ae7UPIbd_IVJyK4q6Bo1deBGLSQmYVfqayVz97QzYwU.css: Generated files are not backed up
/css/css_4PjFgtyTlpAwBbFKJOwMtXN8hl7NTAw0LdvYbJ-NdBo.css: Generated files are not backed up
/js/js_yttNbyHT3bWaNAQGI-PQoF2-_UFs5pFz0kStQS8XLik.js: Generated files are not backed up
/styles/image_content_middle/public/2021-10/OK_SLT1.png: Generated files are not backed up
/styles/thumbnail/public/2021-10/Screen Shot 2021-07-21 at 5.02.14 PM_1.png: Generated files are not backed up
/css/css_fEDyTuTc4dU5MBAYXwoRg5CWD2THCpaF3v5lQ0pq7i0.css.gz: Generated files are not backed up
/css/css_NKurUOU5qMmwSR9FDPE6opIEfSsfqrHJ4L_85JTBp7c.css.gz: Generated files are not backed up
/js/js_ES8JAZRmTMf1MLlptp1UHGFV0AOaHQnQ8zUrOi0S9i8.js.gz: Generated files are not backed up
/styles/thumbnail/public/2021-10/Screen Shot 2021-07-21 at 5.02.14 PM_2.png: Generated files are not backed up
/css/css_TumHcA5LHI6-5cp_sAT1lYfFWE_z_G4iT1cxWJXiNNo.css: Generated files are not backed up
/css/css_BOtBJwukEUvubWCRkAyNL33wPuKRNK_dGk3JvPyBd6w.css: Generated files are not backed up
/js/js_D3qso7s0w5eYlRLsJMP4nqqm3_xo8oeR9BSVKekKDNU.js: Generated files are not backed up
/css/css_X6ULqa5Yorkv8TIdl32Vtknx7vhZT77l5CbEGlZCKvw.css.gz: Generated files are not backed up
/styles/board_of_directors_committee_experts/public/2021-10/Headshot Desktop.png: Generated files are not backed up
/styles/thumbnail/public/2021-10/smiling-male-designer-working-in-creative-office-L2L7JJY.png: Generated files are not backed up
/styles/image_our_project/public/2021-10/Headshot Desktop_17.png: Generated files are not backed up
/styles/related_theme/public/2021-10/Headshot Desktop_17.png: Generated files are not backed up
/styles/thumbnail/public/2021-10/Group 3299.png: Generated files are not backed up
/styles/leader_image/public/2021-10/SoniaP_0.png: Generated files are not backed up
/styles/thumbnail/public/2021-10/Headshot Desktop_14.png: Generated files are not backed up
/styles/thumbnail/public/2021-10/OK_SLT1.png: Generated files are not backed up
/styles/leader_image/public/core/modules/image/sample.png: Generated files are not backed up
/css/css_yPUJWgrwrYdSMfkmpW5Bw5G6epqYedxeCdPN3k41YqY.css: Generated files are not backed up
/styles/thumbnail/public/2021-10/Screen Shot 2021-07-21 at 5.02.14 PM.png: Generated files are not backed up
/css/css_VDiEqAan6R0ei5iitXUbm_SlyhamdvhijER31_W-Aqs.css.gz: Generated files are not backed up
/styles/thumbnail/public/2021-10/Headshot Desktop_13.png: Generated files are not backed up
/css/css_vPANaL29O-PVK8j8SZKpQNTYs4BRqh1Ma7nd7Y4k8uo.css.gz: Generated files are not backed up
/styles/board_of_directors_committee_experts/public/2021-10/Headshot Desktop_5.png: Generated files are not backed up
/styles/thumbnail/public/2021-10/Headshot Desktop_3.png: Generated files are not backed up
/styles/project_theme/public/2021-10/FKZfttKQ.png: Generated files are not backed up
/css/css_VyS2eBHiEhIRJCwCDJDXut_N_MWrDj4c6TReL0eDCxM.css: Generated files are not backed up
/styles/thumbnail/public/2021-10/Sample 2.png: Generated files are not backed up
/styles/board_of_directors_committee_experts/public/2021-10/Headshot Desktop_15.png: Generated files are not backed up
/js/js_F89lwC1Wjz4jRDEvRnhOORvqk4gUNlBiTXUhWbM5zsw.js: Generated files are not backed up
/js/js_7DCH_2H6TmPq0VyKC92E8QZT_Uw6lTAbhBZDUJkYZsA.js.gz: Generated files are not backed up
/styles/thumbnail/public/2021-10/OK_SLT5.png: Generated files are not backed up
/js/js_4_EzGQYe4M2f_XDNmsEOzxdh3e2uJZNkdSKcuIu3ujk.js: Generated files are not backed up
/css/css_VyS2eBHiEhIRJCwCDJDXut_N_MWrDj4c6TReL0eDCxM.css.gz: Generated files are not backed up
/styles/leader_image/public/2021-10/TBD.png: Generated files are not backed up
/styles/thumbnail/public/2021-10/Screenshot_6.png: Generated files are not backed up
/styles/leader_image/public/2021-10/Headshot Desktop_17.png: Generated files are not backed up
/styles/thumbnail/public/2021-10/Group-3377_1.png: Generated files are not backed up
/js/js_qhxdbAgKKSNgjKsVqgbArDlNJXXcJYAu6A2lqQwbt-w.js: Generated files are not backed up
/styles/board_of_directors_committee_experts/public/2021-10/Headshot Desktop_1.png: Generated files are not backed up
/styles/thumbnail/public/2021-10/Headshot Desktop_7.png: Generated files are not backed up
/css/css_HDLyGM0ill6lsZXtU1-Ql5Jcs63_ESE8hFCsZkAtyck.css: Generated files are not backed up
/styles/related_theme/public/core/modules/image/sample.png: Generated files are not backed up
/css/css_HDLyGM0ill6lsZXtU1-Ql5Jcs63_ESE8hFCsZkAtyck.css.gz: Generated files are not backed up
/css/css_Pu11MeWtJ1-h3i02kU0xNbmmzKP0hbTh8shocv4uaOQ.css.gz: Generated files are not backed up
/styles/thumbnail/public/2021-10/FKZfttKQ.png: Generated files are not backed up
/styles/thumbnail/public/2021-10/Headshot Desktop_10.png: Generated files are not backed up
/styles/thumbnail/public/2021-10/Icon Who Are We_0.png: Generated files are not backed up
/css/css_Zm5VEcSVkLBl7Zt-3Wsvbd12Ab8gkh2EwuNzRf0zXGQ.css: Generated files are not backed up

If you need immediate access to the files listed here, or have questions about
the state of your files, you can contact support via your Dashboard.

